
GAMS Rev 140  Copyright (C) 1987-2004 GAMS Development. All rights reserved
Licensee: Mark Neal                                      G060515:1514AP-WIN
          University of Queensland, The School of Economics          DC5881
          License for teaching and research at degree granting institutions
--- Starting compilation
--- .xMultiSolvesTable.csv(5) 3 Mb             
--- .StateFlat.csv(10) 3 Mb                     
--- .State.csv(10) 3 Mb                         
--- .Perennial.csv(2) 3 Mb                      
--- .AF.csv(3) 3 Mb                             
--- .GF.csv(13) 3 Mb                            
--- .FertManure.csv(13) 3 Mb                    
--- .UreaF.csv(13) 3 Mb                         
--- .P25F.csv(13) 3 Mb                          
--- .WI.csv(13) 3 Mb                            
--- .CF.csv(13) 3 Mb                            
--- .LF.csv(13) 3 Mb                            
--- .FertApp.csv(13) 3 Mb                       
--- .RF.csv(2) 3 Mb                             
--- .Mow.csv(13) 3 Mb                           
--- .CS.csv(13) 3 Mb                            
--- .HarvestF.csv(13) 3 Mb                      
--- .DMS.csv(4) 3 Mb                            
--- .DMF.csv(13) 3 Mb                           
--- .DMF.csv(13) 3 Mb                           
--- .DMH.csv(3) 3 Mb                            
--- .MES.csv(2) 3 Mb                            
--- .MEF.csv(13) 3 Mb                           
--- .MEF.csv(13) 3 Mb                           
--- .MEH.csv(3) 3 Mb                            
--- .PS.csv(2) 3 Mb                             
--- .PF.csv(13) 3 Mb                            
--- .PF.csv(13) 3 Mb                            
--- .PH.csv(3) 3 Mb                             
--- .RDPS.csv(2) 3 Mb                           
--- .RDPF.csv(13) 3 Mb                          
--- .RDPH.csv(3) 3 Mb                           
--- .UDPS.csv(2) 3 Mb                           
--- .UDPF.csv(13) 3 Mb                          
--- .UDPH.csv(3) 3 Mb                           
--- .FS.csv(2) 3 Mb                             
--- .FF.csv(13) 3 Mb                            
--- .FF.csv(13) 3 Mb                            
--- .FH.csv(3) 3 Mb                             
--- .PDMS.csv(2) 3 Mb                           
--- .DMIs.csv(13) 3 Mb                          
--- .MEMaints.csv(13) 3 Mb                      
--- .MEProds.csv(10) 3 Mb                       
--- .Prots.csv(13) 3 Mb                         
--- .ADPLSMAINTs.csv(13) 3 Mb                   
--- .ProdRest6000s.csv(13) 3 Mb                 
--- .ProdRest9000s.csv(13) 3 Mb                 
--- .LCCAdv.csv(13) 3 Mb                        
--- .CCs.csv(13) 3 Mb                           
--- .MPUni.csv(13) 3 Mb                         
--- .MPSeas.csv(13) 3 Mb                        
--- ..xllink.gms(8) 3 Mb                         
--- .xldump.gms(10) 3 Mb
--- call echo report1 | sed s/\..*// >> C:\Users\nealm\OneDrive - DairyNZ Limited\Desktop\dairynz\dairy_lp_neal_ADSS_2010\model\225a\symb.scr
--- .xldump.gms(73) 3 Mb
--- .xldump.gms(10) 3 Mb                         
--- call echo report2 | sed s/\..*// >> C:\Users\nealm\OneDrive - DairyNZ Limited\Desktop\dairynz\dairy_lp_neal_ADSS_2010\model\225a\symb.scr
Access is denied.
Access is denied.
--- .xldump.gms(73) 3 Mb
--- .ADSA Dairy LP Report.gms(2330) 3 Mb         
--- ADSA Dairy LP State Contingent.gms(1559) 3 Mb
--- Starting execution
--- ADSA Dairy LP State Contingent.gms(1986) 4 Mb
--- GDXin=C:\Users\nealm\OneDrive - DairyNZ Limited\Desktop\dairynz\dairy_lp_neal_ADSS_2010\model\DairyFarm_p.gdx
--- ADSA Dairy LP State Contingent.gms(1988) 19 Mb
--- Generating model DairyFarm
--- ADSA Dairy LP State Contingent.gms(1990) 67 Mb
---    30188 rows, 210658 columns, and 1353766 non-zeroes.
--- Executing CONOPT
C O N O P T 3 Nov 11, 2004 WIN.CO.CO 21.5 015.052.041.VIS Library 314E     
 
 
    C O N O P T 3   Intel /MS Window version 3.14E-015-052
    Copyright (C)   ARKI Consulting and Development A/S
                    Bagsvaerdvej 246 A
                    DK-2880 Bagsvaerd, Denmark
 
 Using default options.
 
 Reading Data
 
   Iter Phase Ninf   Infeasibility   RGmax    NSB   Step InItr MX OK
      0   0        1.0148169228E-03 (Input point)
                                Pre-triangular equations:        9
                                Post-triangular equations:    1531
      1   0        1.0083366400E-03 (After pre-processing)
      2   0        2.7930283327E-07 (After scaling)
 
 ** Feasible solution. Value of objective =    29354.7442376
 
   Iter Phase Ninf     Objective     RGmax    NSB   Step InItr MX OK
      3   3        2.9507043399E+04 7.9E+04    27 1.0E+00   48 T  T
      4   3        2.9539808567E+04 1.1E+04    23 1.0E+00   49 T  T
      5   3        2.9603306645E+04 7.4E+02    20 1.0E+00   56 T  T
      6   3        2.9666176205E+04 1.1E+03    25 1.0E+00   55 T  T
      7   3        2.9712872226E+04 5.7E+01    28 1.0E+00   56 T  T
      8   3        3.0021957208E+04 7.7E+02    98 1.0E+00   59 T  T
      9   3        3.0042063058E+04 3.1E+03   100 1.0E+00   62 T  T
     10   3        3.0073582484E+04 9.8E+02    81 1.0E+00   65 T  T
     11   3        3.0106452876E+04 2.2E+01    70 1.0E+00   67 T  T
     12   3        3.0109812018E+04 6.4E+02   138 1.0E+00   70 T  T
   Elapsed time     2544.6 seconds.
 
   Iter Phase Ninf     Objective     RGmax    NSB   Step InItr MX OK
     13   3        3.0120909997E+04 1.7E+02   112 1.0E+00   72 T  T
     14   3        3.0144101337E+04 5.8E+01   227 1.0E+00   73 T  T
     15   3        3.0166231084E+04 1.1E+02   226 1.0E+00   77 T  T
     16   3        3.0176599407E+04 3.9E+01    98 1.0E+00   86 T  T
     17   3        3.0301648118E+04 1.3E+02    69 1.0E+00   92 T  T
     18   3        3.0340948427E+04 1.4E+02   324 1.0E+00   88 T  T
     19   3        3.0345922194E+04 1.2E+02   133 1.0E+00   90 T  T
     20   3        3.0365836833E+04 5.4E+02    95 1.0E+00   94 T  T
     21   3        3.0404320231E+04 1.9E+03   180 1.0E+00  101 T  T
     22   3        3.0446850620E+04 9.9E+01   210 1.0E+00  109 T  T
   Elapsed time     3849.5 seconds.
 
   Iter Phase Ninf     Objective     RGmax    NSB   Step InItr MX OK
     23   3        3.0483293368E+04 5.8E+00   129 1.0E+00  114 T  T
     24   3        3.0536813580E+04 1.1E+02   152 1.0E+00  118 T  T
     25   3        3.0686047543E+04 4.9E+02   121 1.0E+00  116 T  T
     26   3        3.0749224017E+04 6.4E+01   268 1.0E+00  127 T  T
     27   3        3.0781780864E+04 5.2E+02    87 1.0E+00  131 T  T
     28   3        3.1502196731E+04 1.3E+01   134 1.0E+00  136 T  T
     29   3        3.1666178609E+04 1.3E+03    96 1.0E+00  143 T  T
     30   3        3.1899735075E+04 3.2E+02    94 1.0E+00  137 T  T
     31   3        3.2079006082E+04 2.1E+02   187 1.0E+00  139 T  T
     32   3        3.2235721911E+04 4.6E+01   131 1.0E+00  149 T  T
   Elapsed time     4266.2 seconds.
 
   Iter Phase Ninf     Objective     RGmax    NSB   Step InItr MX OK
     33   3        4.1789472863E+04 4.3E+03    95 1.0E+00  154 T  T
     34   3        4.3734691572E+04 2.9E+03    74 1.0E+00  152 T  T
     35   3        4.3928176499E+04 1.3E+03   143 1.0E+00  167 T  T
     36   3        4.4333436310E+04 2.0E+02   164 1.0E+00  167 T  T
     37   3        4.4603716321E+04 9.8E+04   166 1.0E+00  164 T  T
     38   3        5.3289697982E+04 3.7E+03   182 1.0E+00  174 T  T
     39   3        5.3705167103E+04 7.3E+02   113 1.0E+00  172 T  T
     40   3        5.3786513649E+04 1.3E+03   104 1.0E+00  175 T  T
     41   3        5.9019583128E+04 5.9E+03   169 1.0E+00  185 T  T
     42   3        6.0871512751E+04 3.5E+01   168 1.0E+00  191 T  T
   Elapsed time     5281.1 seconds.
 
   Iter Phase Ninf     Objective     RGmax    NSB   Step InItr MX OK
     43   3        6.1179499484E+04 1.4E+03   162 1.0E+00  192 T  T
     44   3        7.0134085151E+04 2.3E+03   394 1.0E+00  200 T  T
     45   3        7.0967803710E+04 4.7E+01   344 1.0E+00  206 T  T
     46   3        7.1048542475E+04 7.4E+02   295 1.0E+00  210 T  T
     47   3        7.1156991797E+04 3.0E+02   320 1.0E+00  209 T  T
     48   3        7.1933568185E+04 3.4E+02   211 1.0E+00  219 T  T
     49   3        7.2568603156E+04 4.9E+02   292 1.0E+00  215 T  T
     50   3        7.2683607917E+04 3.7E+02   363 1.0E+00  216 T  T
     51   3        7.2817927355E+04 2.2E+01   276 1.0E+00  226 T  T
     52   3        7.2906775383E+04 3.4E+02   253 1.0E+00  226 T  T
   Elapsed time     6917.7 seconds.
 
   Iter Phase Ninf     Objective     RGmax    NSB   Step InItr MX OK
     53   3        7.3079030894E+04 1.5E+03   298 1.0E+00  228 T  T
     54   3        7.3419779887E+04 3.1E+01   173 1.0E+00  234 T  T
     55   3        8.4140636192E+04 4.5E+03   180 1.0E+00  243 T  T
     56   3        8.6660086374E+04 1.5E+04   123 1.0E+00  239 T  T
     57   3        8.7510127456E+04 1.2E+03   238 1.0E+00  240 T  T
     58   3        9.4353186681E+04 4.9E+03   440 1.0E+00  250 T  T
     59   3        9.8000360081E+04 1.4E+02   465 1.0E+00  250 T  T
     60   3        1.0027616941E+05 1.8E+03   705 1.0E+00  252 T  T
     61   3        1.0045281272E+05 1.2E+03   371 1.0E+00  256 T  T
     62   3        1.0225930272E+05 2.5E+03   451 1.0E+00  266 T  T
   Elapsed time     8690.0 seconds.
 
   Iter Phase Ninf     Objective     RGmax    NSB   Step InItr MX OK
     63   3        1.1131679140E+05 1.2E+01    61 1.0E+00  271 T  T
     64   3        1.1793109250E+05 2.8E+03   197 1.0E+00  273 T  T
     65   3        1.1987741532E+05 3.8E+02   258 1.0E+00  283 T  T
     66   3        1.1990964073E+05 6.3E+03   665 1.0E+00  280 T  T
     67   3        1.2007461132E+05 3.4E+02   865 1.0E+00  284 T  T
     68   3        1.2060734934E+05 2.7E+03   618 1.0E+00  294 T  T
     69   3        1.2367192163E+05 1.6E+02   222 1.0E+00  299 T  T
     70   3        1.2483669338E+05 5.5E+03   158 1.0E+00  304 T  T
     71   3        1.2755604137E+05 1.2E+02   371 1.0E+00  306 T  T
     72   3        1.2957056885E+05 3.9E+03   619 1.0E+00  314 T  T
   Elapsed time    11334.8 seconds.
 
   Iter Phase Ninf     Objective     RGmax    NSB   Step InItr MX OK
     73   3        1.3062859073E+05 4.8E+02   196 1.0E+00  319 T  T
     74   3        1.3110021010E+05 5.5E+03   427 1.0E+00  315 T  T
     75   3        1.3923782985E+05 2.4E+02   326 1.0E+00  323 T  T
     76   3        1.3966987776E+05 1.2E+03   392 1.0E+00  321 T  T
     77   3        1.4036537647E+05 2.5E+02   233 1.0E+00  328 T  T
     78   3        1.4053195434E+05 2.9E+04   458 1.0E+00  331 T  T
     79   3        1.4075817328E+05 6.0E+01   492 1.0E+00  341 T  T
     80   3        1.4162246590E+05 6.9E+03   379 1.0E+00  343 T  T
     81   3        1.4184544160E+05 2.2E+02   324 1.0E+00  346 T  T
     82   3        1.4190574513E+05 1.9E+02   519 1.0E+00  347 T  T
   Elapsed time    12783.6 seconds.
 
   Iter Phase Ninf     Objective     RGmax    NSB   Step InItr MX OK
     83   3        1.4201950780E+05 1.2E+02   346 1.0E+00  354 T  T
     84   3        1.4207085373E+05 1.1E+03   524 1.0E+00  353 T  T
     85   3        1.4213717503E+05 7.7E+01   495 1.0E+00  354 T  T
     86   3        1.4226946831E+05 3.4E+02   638 1.0E+00  361 T  T
     87   3        1.4250253704E+05 3.9E+01   389 1.0E+00  369 T  T
 
 ** Loss of feasibility while tightening tolerances - Return to phase 0.
   Elapsed time    13903.8 seconds.
 
   Iter Phase Ninf   Infeasibility   RGmax    NSB   Step InItr MX OK
     88   0        7.7571372222E-06
     89   0    59  7.7571372222E-06               0.0E+00      T  T
     90   0    59  7.7571372222E-06               0.0E+00      T  T
     91   0    59  7.7571372222E-06               0.0E+00      T  T
     92   0    59  7.7571372222E-06               0.0E+00      T  T
     93   0    59  7.7571372222E-06               0.0E+00      T  T
     94   0    59  7.7571372222E-06               0.0E+00      T  T
     95   0    59  7.7571372222E-06               0.0E+00      T  T
     96   0    59  7.7571372222E-06               0.0E+00      T  T
     97   0    59  7.7571372222E-06               0.0E+00      T  T
 
   Iter Phase Ninf   Infeasibility   RGmax    NSB   Step InItr MX OK
     98   0    59  7.7571372222E-06               0.0E+00      T  T
     99   0    59  7.7571372222E-06               0.0E+00      T  T
    100   0    59  7.7571372222E-06               0.0E+00      T  T
    101   0    59  7.7571372222E-06               0.0E+00      T  T
    102   0    59  7.7571372222E-06               0.0E+00      T  T
    103   0    59  7.7571372222E-06               0.0E+00      T  T
    104   0    59  7.7571372222E-06               0.0E+00      T  T
    105   0    59  7.7571372222E-06               0.0E+00      T  T
    106   0    59  7.7571372222E-06               0.0E+00      T  T
    107   0    59  7.7571372222E-06               0.0E+00      T  T
 
   Iter Phase Ninf   Infeasibility   RGmax    NSB   Step InItr MX OK
    108   0    59  7.7571372222E-06               0.0E+00      T  T
    109   0    59  7.7571372222E-06               0.0E+00      T  T
    110   0    59  7.7571372222E-06               0.0E+00      T  T
    111   0    59  7.7571372222E-06               0.0E+00      T  T
    112   0    59  7.7571372222E-06               0.0E+00      T  T
    113   0    59  7.7571372222E-06               0.0E+00      T  T
    114   0    59  7.7571372222E-06               0.0E+00      T  T
    115   0    59  7.7571372222E-06               0.0E+00      T  T
    116   0    59  7.7571372222E-06               0.0E+00      T  T
    117   0    59  7.7571372222E-06               0.0E+00      T  T
 
   Iter Phase Ninf   Infeasibility   RGmax    NSB   Step InItr MX OK
    118   0    59  7.7571372222E-06               0.0E+00      T  T
    119   0    59  7.7571372222E-06               0.0E+00      T  T
    120   0    59  7.7571372222E-06               0.0E+00      T  T
    121   0    59  7.7571372222E-06               0.0E+00      T  T
    122   0    59  7.7571372222E-06               0.0E+00      T  T
    123   0    59  7.7571372222E-06               0.0E+00      T  T
    124   0    59  7.7571372222E-06               0.0E+00      T  T
    125   0    59  7.7571372222E-06               0.0E+00      T  T
    126   0    59  7.7571372222E-06               0.0E+00      T  T
    127   0    59  7.7571372222E-06               0.0E+00      T  T
 
   Iter Phase Ninf   Infeasibility   RGmax    NSB   Step InItr MX OK
    128   0    59  7.7571372222E-06               0.0E+00      T  T
    129   0    59  7.7571372222E-06               0.0E+00      T  T
    130   0    59  7.7571372222E-06               0.0E+00      T  T
    131   0    59  7.7571372222E-06               0.0E+00      T  T
    132   0    59  7.7571372222E-06               0.0E+00      T  T
    133   0    59  7.7571372222E-06               0.0E+00      T  T
    134   0    60  7.7508366607E-06               7.9E-04      T  T
    135   0    60  7.7502035808E-06               8.2E-05      T  T
    136   0    60  7.7502035808E-06               0.0E+00      T  T
    137   0    60  7.7502035808E-06               0.0E+00      T  T
 
   Iter Phase Ninf   Infeasibility   RGmax    NSB   Step InItr MX OK
    138   0    60  7.7502035808E-06               0.0E+00      T  T
    139   0    60  7.7502035808E-06               0.0E+00      T  T
    140   0    60  7.7502035808E-06               0.0E+00      T  T
    141   0    60  7.7502035808E-06               0.0E+00      T  T
    142   0    61  7.7481583145E-06               1.7E-05      T  T
    143   0    61  7.7481583145E-06               0.0E+00      T  T
    144   0    62  7.7481583145E-06               0.0E+00      F  F
    145   0    62  7.7481583145E-06               0.0E+00      F  F
    146   0    63  7.7481583145E-06               0.0E+00      F  F
    147   0    64  7.7481583145E-06               0.0E+00      F  F
 
   Iter Phase Ninf   Infeasibility   RGmax    NSB   Step InItr MX OK
    148   0    65  7.7481583145E-06               0.0E+00      F  F
    149   0    66  7.7481583145E-06               0.0E+00      F  F
    150   0    67  7.7481583145E-06               0.0E+00      F  F
    151   0    68  7.7481583145E-06               0.0E+00      F  F
    152   0    69  7.7481583145E-06               0.0E+00      F  F
    153   0    70  7.7481583145E-06               0.0E+00      F  F
    154   0    71  7.7481583145E-06               0.0E+00      F  F
    155   0    72  7.7481583145E-06               0.0E+00      F  F
    156   0    73  7.7481583145E-06               0.0E+00      F  F
    157   0    74  7.7481583145E-06               0.0E+00      F  F
 
   Iter Phase Ninf   Infeasibility   RGmax    NSB   Step InItr MX OK
    158   0    75  7.7481583145E-06               0.0E+00      F  F
    159   0    76  7.7481583145E-06               0.0E+00      F  F
    160   0    77  7.7481583145E-06               0.0E+00      F  F
    161   0    78  7.7481583145E-06               0.0E+00      F  F
    162   0    79  7.7481583145E-06               0.0E+00      F  F
    163   0    80  7.7481583145E-06               0.0E+00      F  F
    164   0    81  7.7481583145E-06               0.0E+00      F  F
    165   0    82  7.7481583145E-06               0.0E+00      F  F
    166   0    83  7.7481583145E-06               0.0E+00      F  F
    167   0    84  7.7481583145E-06               0.0E+00      F  F
 
   Iter Phase Ninf   Infeasibility   RGmax    NSB   Step InItr MX OK
    168   0    85  7.7481583145E-06               0.0E+00      F  F
    169   0    86  7.7481583145E-06               0.0E+00      F  F
    170   0    87  7.7481583145E-06               0.0E+00      F  F
    171   0    88  7.7481583145E-06               0.0E+00      F  F
    172   0    89  7.7481583145E-06               0.0E+00      F  F
    173   0    90  7.7481583145E-06               0.0E+00      F  F
    174   0    91  7.7481583145E-06               0.0E+00      F  F
    175   0    92  7.7481583145E-06               0.0E+00      F  F
    176   0    93  7.7481583145E-06               0.0E+00      F  F
    177   0    94  7.7481583145E-06               0.0E+00      F  F
 
   Iter Phase Ninf   Infeasibility   RGmax    NSB   Step InItr MX OK
    178   0    95  7.7481583145E-06               0.0E+00      F  F
    179   0    96  7.7481583145E-06               0.0E+00      F  F
    180   0    97  7.7481583145E-06               0.0E+00      F  F
    181   0    98  7.7481583145E-06               0.0E+00      F  F
    182   0    99  7.7481583145E-06               0.0E+00      F  F
    183   0   100  7.7481583145E-06               0.0E+00      F  F
    184   0   101  7.7481583145E-06               0.0E+00      F  F
    185   0   102  7.7481583145E-06               0.0E+00      F  F
    186   0   103  7.7481583145E-06               0.0E+00      F  F
    187   0   104  7.7481583145E-06               0.0E+00      F  F
 
   Iter Phase Ninf   Infeasibility   RGmax    NSB   Step InItr MX OK
    188   0   105  7.7481583145E-06               0.0E+00      F  F
    189   0   106  7.7481583145E-06               0.0E+00      F  F
    190   0   107  7.7481583145E-06               0.0E+00      F  F
    191   0   108  7.7481583145E-06               0.0E+00      F  F
    192   0   109  7.7481583145E-06               0.0E+00      F  F
    193   0   110  7.7481583145E-06               0.0E+00      F  F
    194   0   111  7.7481583145E-06               0.0E+00      F  F
    195   0   112  7.7481583145E-06               0.0E+00      F  F
    196   0   113  7.7481583145E-06               0.0E+00      F  F
    197   0   114  7.7481583145E-06               0.0E+00      F  F
 
   Iter Phase Ninf   Infeasibility   RGmax    NSB   Step InItr MX OK
    198   0   115  7.7481583145E-06               0.0E+00      F  F
    199   0   116  7.7481583145E-06               0.0E+00      F  F
    200   0   117  7.7481583145E-06               0.0E+00      F  F
    201   0   118  7.7481583145E-06               0.0E+00      F  F
    202   0   119  7.7481583145E-06               0.0E+00      F  F
    203   0   120  7.7481583145E-06               0.0E+00      F  F
    204   0   121  7.7481583145E-06               0.0E+00      F  F
    205   0   122  7.7481583145E-06               0.0E+00      F  F
    206   0   123  7.7481583145E-06               0.0E+00      F  F
    207   0   124  7.7481583145E-06               0.0E+00      F  F
 
   Iter Phase Ninf   Infeasibility   RGmax    NSB   Step InItr MX OK
    208   0   125  7.7481583145E-06               0.0E+00      F  F
    209   0   126  7.7481583145E-06               0.0E+00      F  F
    210   0   127  7.7481583145E-06               0.0E+00      F  F
    211   0   128  7.7481583145E-06               0.0E+00      F  F
    212   0   129  7.7481583145E-06               0.0E+00      F  F
    213   0   130  7.7481583145E-06               0.0E+00      F  F
    214   0   131  7.7481583145E-06               0.0E+00      F  F
    215   0   132  7.7481583145E-06               0.0E+00      F  F
    216   0   133  7.7481583145E-06               0.0E+00      F  F
    217   0   134  7.7481583145E-06               0.0E+00      F  F
 
   Iter Phase Ninf   Infeasibility   RGmax    NSB   Step InItr MX OK
    218   0   135  7.7481583145E-06               0.0E+00      F  F
    219   0   136  7.7481583145E-06               0.0E+00      F  F
    220   0   137  7.7481583145E-06               0.0E+00      F  F
    221   0   138  7.7481583145E-06               0.0E+00      F  F
    222   0   139  7.7481583145E-06               0.0E+00      F  F
    223   0   140  7.7481583145E-06               0.0E+00      F  F
    224   0   141  7.7481583145E-06               0.0E+00      F  F
    225   0   142  7.7481583145E-06               0.0E+00      F  F
    226   0   143  7.7481583145E-06               0.0E+00      F  F
    227   0   144  7.7481583145E-06               0.0E+00      F  F
 
   Iter Phase Ninf   Infeasibility   RGmax    NSB   Step InItr MX OK
    228   0   145  7.7481583145E-06               0.0E+00      F  F
    229   0   146  7.7481583145E-06               0.0E+00      F  F
    230   0   147  7.7481583145E-06               0.0E+00      F  F
    231   0   148  7.7481583145E-06               0.0E+00      F  F
    232   0   149  7.7481583145E-06               0.0E+00      F  F
    233   0   150  7.7481583145E-06               0.0E+00      F  F
    234   0   151  7.7481583145E-06               0.0E+00      F  F
    235   0   152  7.7481583145E-06               0.0E+00      F  F
    236   0   153  7.7481583145E-06               0.0E+00      F  F
    237   0   154  7.7481583145E-06               0.0E+00      F  F
 
   Iter Phase Ninf   Infeasibility   RGmax    NSB   Step InItr MX OK
    238   0   155  7.7481583145E-06               0.0E+00      F  F
    239   0   156  7.7481583145E-06               0.0E+00      F  F
    240   0   157  7.7481583145E-06               0.0E+00      F  F
    241   0   158  7.7481583145E-06               0.0E+00      F  F
    242   0   159  7.7481583145E-06               0.0E+00      F  F
    243   0   160  7.7481583145E-06               0.0E+00      F  F
    244   0   161  7.7481583145E-06               0.0E+00      F  F
    245   0   162  7.7481583145E-06               0.0E+00      F  F
    246   0   163  7.7481583145E-06               0.0E+00      F  F
    247   0   164  7.7481583145E-06               0.0E+00      F  F
 
   Iter Phase Ninf   Infeasibility   RGmax    NSB   Step InItr MX OK
    248   0   165  7.7481583145E-06               0.0E+00      F  F
    249   0   166  7.7481583145E-06               0.0E+00      F  F
    250   0   167  7.7481583145E-06               0.0E+00      F  F
    251   0   168  7.7481583145E-06               0.0E+00      F  F
    252   0   169  7.7481583145E-06               0.0E+00      F  F
    253   0   170  7.7481583145E-06               0.0E+00      F  F
    254   0   171  7.7481583145E-06               0.0E+00      F  F
    255   0   172  7.7481583145E-06               0.0E+00      F  F
    256   0   173  7.7481583145E-06               0.0E+00      F  F
    257   0   174  7.7481583145E-06               0.0E+00      F  F
 
   Iter Phase Ninf   Infeasibility   RGmax    NSB   Step InItr MX OK
    258   0   175  7.7481583145E-06               0.0E+00      F  F
    259   0   176  7.7481583145E-06               0.0E+00      F  F
    260   0   177  7.7481583145E-06               0.0E+00      T  T
    261   0   178  7.7481583145E-06               0.0E+00      T  T
    262   0   179  7.7481583145E-06               0.0E+00      T  T
    263   0   179  7.7481583145E-06               0.0E+00      F  F
    264   0   180  7.7481583145E-06               0.0E+00      T  T
    265   0   181  7.7481583145E-06               0.0E+00      F  F
    266   0   182  7.7481583145E-06               0.0E+00      F  F
    267   0   183  7.7481583145E-06               0.0E+00      F  F
 
   Iter Phase Ninf   Infeasibility   RGmax    NSB   Step InItr MX OK
    268   0   184  7.7481583145E-06               0.0E+00      F  F
    269   0   185  7.7481583145E-06               0.0E+00      F  F
    270   0   186  7.7481583145E-06               0.0E+00      F  F
    271   0   187  7.7481583145E-06               0.0E+00      F  F
    272   0   188  7.7481583145E-06               0.0E+00      F  F
    273   0   189  7.7481583145E-06               0.0E+00      F  F
    274   0   190  7.7481583145E-06               0.0E+00      F  F
    275   0   191  7.7481583145E-06               0.0E+00      F  F
    276   0   192  7.7481583145E-06               0.0E+00      F  F
    277   0   193  7.7481583145E-06               0.0E+00      F  F
 
   Iter Phase Ninf   Infeasibility   RGmax    NSB   Step InItr MX OK
    278   0   194  7.7481583145E-06               0.0E+00      F  F
    279   0   195  7.7481583145E-06               0.0E+00      F  F
    280   0   196  7.7481583145E-06               0.0E+00      F  F
    281   0   197  7.7481583145E-06               0.0E+00      F  F
    282   0   198  7.7481583145E-06               0.0E+00      F  F
    283   0   199  7.7481583145E-06               0.0E+00      F  F
    284   0   200  7.7481583145E-06               0.0E+00      F  F
    285   0   201  7.7481583145E-06               0.0E+00      F  F
    286   0   202  7.7481583145E-06               0.0E+00      F  F
    287   0   203  7.7481583145E-06               0.0E+00      F  F
 
   Iter Phase Ninf   Infeasibility   RGmax    NSB   Step InItr MX OK
    288   0   204  7.7481583145E-06               0.0E+00      F  F
    289   0   205  7.7481583145E-06               0.0E+00      F  F
    290   0   206  7.7481583145E-06               0.0E+00      F  F
    291   0   207  7.7481583145E-06               0.0E+00      F  F
    292   0   208  7.7481583145E-06               0.0E+00      F  F
    293   0   209  7.7481583145E-06               0.0E+00      F  F
    294   0   210  7.7481583145E-06               0.0E+00      F  F
    295   0   211  7.7481583145E-06               0.0E+00      F  F
    296   0   212  7.7481583145E-06               0.0E+00      F  F
    297   0   213  7.7481583145E-06               0.0E+00      F  F
 
   Iter Phase Ninf   Infeasibility   RGmax    NSB   Step InItr MX OK
    298   0   214  7.7481583145E-06               0.0E+00      F  F
    299   0   215  7.7481583145E-06               0.0E+00      F  F
    300   0   216  7.7481583145E-06               0.0E+00      F  F
    301   0   217  7.7481583145E-06               0.0E+00      F  F
    302   0   218  7.7481583145E-06               0.0E+00      F  F
    303   0   219  7.7481583145E-06               0.0E+00      F  F
    304   0   220  7.7481583145E-06               0.0E+00      F  F
    305   0   221  7.7481583145E-06               0.0E+00      F  F
    306   0   222  7.7481583145E-06               0.0E+00      F  F
    307   0   223  7.7481583145E-06               0.0E+00      F  F
 
   Iter Phase Ninf   Infeasibility   RGmax    NSB   Step InItr MX OK
    308   0   224  7.7481583145E-06               0.0E+00      F  F
    309   0   225  7.7481583145E-06               0.0E+00      F  F
    310   0   226  7.7481583145E-06               0.0E+00      F  F
    311   0   227  7.7481583145E-06               0.0E+00      F  F
    312   0   228  7.7481583145E-06               0.0E+00      F  F
    313   0   229  7.7481583145E-06               0.0E+00      F  F
    314   0   230  7.7481583145E-06               0.0E+00      F  F
    315   0   231  7.7481583145E-06               0.0E+00      F  F
    316   0   232  7.7481583145E-06               0.0E+00      F  F
    317   0   233  7.7481583145E-06               0.0E+00      F  F
 
   Iter Phase Ninf   Infeasibility   RGmax    NSB   Step InItr MX OK
    318   0   234  7.7481583145E-06               0.0E+00      F  F
    319   0   235  7.7481583145E-06               0.0E+00      F  F
    320   0   236  7.7481583145E-06               0.0E+00      F  F
    321   0   237  7.7481583145E-06               0.0E+00      F  F
    322   0   238  7.7481583145E-06               0.0E+00      F  F
    323   0   239  7.7481583145E-06               0.0E+00      F  F
    324   0   240  7.7481583145E-06               0.0E+00      F  F
    325   0   241  7.7481583145E-06               0.0E+00      F  F
    326   0   242  7.7481583145E-06               0.0E+00      F  F
    327   0   243  7.7481583145E-06               0.0E+00      F  F
 
   Iter Phase Ninf   Infeasibility   RGmax    NSB   Step InItr MX OK
    328   0   244  7.7481583145E-06               0.0E+00      F  F
    329   0   245  7.7481583145E-06               0.0E+00      F  F
    330   0   246  7.7481583145E-06               0.0E+00      F  F
    331   0   247  7.7481583145E-06               0.0E+00      F  F
    332   0   248  7.7481583145E-06               0.0E+00      F  F
    333   0   249  7.7481583145E-06               0.0E+00      F  F
    334   0   250  7.7481583145E-06               0.0E+00      F  F
    335   0   251  7.7481583145E-06               0.0E+00      F  F
    336   0   252  7.7481583145E-06               0.0E+00      F  F
    337   0   253  7.7481583145E-06               0.0E+00      F  F
 
   Iter Phase Ninf   Infeasibility   RGmax    NSB   Step InItr MX OK
    338   0   254  7.7481583145E-06               0.0E+00      F  F
    339   0   255  7.7481583145E-06               0.0E+00      F  F
    340   0   256  7.7481583145E-06               0.0E+00      F  F
    341   0   257  7.7481583145E-06               0.0E+00      F  F
    342   0   258  7.7481583145E-06               0.0E+00      F  F
    343   0   259  7.7481583145E-06               0.0E+00      F  F
    344   0   260  7.7481583145E-06               0.0E+00      F  F
    345   0   261  7.7481583145E-06               0.0E+00      F  F
    346   0   262  7.7481583145E-06               0.0E+00      F  F
    347   0   263  7.7481583145E-06               0.0E+00      F  F
 
   Iter Phase Ninf   Infeasibility   RGmax    NSB   Step InItr MX OK
    348   0   264  7.7481583145E-06               0.0E+00      F  F
    349   0   265  7.7481583145E-06               0.0E+00      F  F
    350   0   266  7.7481583145E-06               0.0E+00      F  F
    351   0   267  7.7481583145E-06               0.0E+00      F  F
    352   0   268  7.7481583145E-06               0.0E+00      F  F
    353   0   269  7.7481583145E-06               0.0E+00      F  F
    354   0   270  7.7481583145E-06               0.0E+00      F  F
    355   0   271  7.7457688595E-06               6.1E-05      T  T
    356   0   271  7.7458410887E-06               3.3E-04      T  T
    357   0   271  7.7458410887E-06               0.0E+00      T  T
 
   Iter Phase Ninf   Infeasibility   RGmax    NSB   Step InItr MX OK
    358   0   272  7.7458410887E-06               0.0E+00      T  T
    359   0   273  7.7458410887E-06               0.0E+00      T  T
    360   0   273  7.7458410887E-06               0.0E+00      T  T
    361   0   273  7.7434995635E-06               1.5E-03      T  T
    362   0   273  7.7434995635E-06               0.0E+00      T  T
    363   0   274  7.7434995635E-06               0.0E+00      T  T
    364   0   275  7.7434995635E-06               0.0E+00      F  F
    365   0   275  7.7434995635E-06               0.0E+00      F  F
    366   0   276  7.7434995635E-06               0.0E+00      T  T
    367   0   277  7.7434995635E-06               0.0E+00      T  T
 
   Iter Phase Ninf   Infeasibility   RGmax    NSB   Step InItr MX OK
    368   0   278  7.7434995635E-06               0.0E+00      T  T
    369   0   279  7.7434995635E-06               0.0E+00      T  T
    370   0   279  7.7434995635E-06               0.0E+00      T  T
    371   0   280  7.7434995635E-06               0.0E+00      T  T
    372   0   281  7.7434995635E-06               0.0E+00      T  T
    373   0   282  7.7434995635E-06               0.0E+00      T  T
    374   0   283  7.7434995635E-06               0.0E+00      T  T
    375   0   284  7.7434995635E-06               0.0E+00      T  T
    376   0   285  7.7434995635E-06               0.0E+00      T  T
    377   0   285  7.7434995635E-06               0.0E+00      T  T
 
   Iter Phase Ninf   Infeasibility   RGmax    NSB   Step InItr MX OK
    378   0   286  7.7434995635E-06               0.0E+00      T  T
    379   0   287  7.7434995635E-06               0.0E+00      T  T
    380   0   288  7.7434995635E-06               0.0E+00      T  T
    381   0   289  7.7434995635E-06               0.0E+00      T  T
    382   0   290  7.7434995635E-06               0.0E+00      T  T
    383   0   291  7.7434995635E-06               0.0E+00      T  T
    384   0   292  7.7434995635E-06               0.0E+00      T  T
    385   0   293  7.7434995635E-06               0.0E+00      T  T
    386   0   294  7.7434995635E-06               0.0E+00      T  T
    387   0   295  7.7434995635E-06               0.0E+00      T  T
 
   Iter Phase Ninf   Infeasibility   RGmax    NSB   Step InItr MX OK
    388   0   296  7.7434995635E-06               0.0E+00      T  T
    389   0   297  7.7434995635E-06               0.0E+00      T  T
    390   0   298  7.7434995635E-06               0.0E+00      T  T
    391   0   299  7.7434995635E-06               0.0E+00      T  T
    392   0   300  7.7434995635E-06               0.0E+00      T  T
    393   0   301  7.7434995635E-06               0.0E+00      T  T
    394   0   302  7.7434995635E-06               0.0E+00      T  T
    395   0   303  7.7434995635E-06               0.0E+00      T  T
    396   0   304  7.7434995635E-06               0.0E+00      T  T
    397   0   305  7.7434995635E-06               0.0E+00      T  T
 
   Iter Phase Ninf   Infeasibility   RGmax    NSB   Step InItr MX OK
    398   0   306  7.7434995635E-06               0.0E+00      T  T
    399   0   307  7.7434995635E-06               0.0E+00      T  T
    400   0   308  7.7434995635E-06               0.0E+00      T  T
    401   0   309  7.7434995635E-06               0.0E+00      T  T
    402   0   310  7.7434995635E-06               0.0E+00      T  T
    403   0   311  7.7434995635E-06               0.0E+00      T  T
    404   0   312  7.7434995635E-06               0.0E+00      T  T
    405   0   313  7.7434995635E-06               0.0E+00      T  T
    406   0   314  7.7434995635E-06               0.0E+00      T  T
    407   0   315  7.7434995635E-06               0.0E+00      T  T
 
   Iter Phase Ninf   Infeasibility   RGmax    NSB   Step InItr MX OK
    408   0   316  7.7434995635E-06               0.0E+00      T  T
    409   0   317  7.7434995635E-06               0.0E+00      T  T
    410   0   318  7.7434995635E-06               0.0E+00      T  T
    411   0   318  7.7434995635E-06               0.0E+00      T  T
    412   0   318  7.7434995635E-06               0.0E+00      T  T
    413   0   318  7.7434995635E-06               0.0E+00      T  T
    414   0   318  7.7434995635E-06               0.0E+00      T  T
    415   0   318  7.7434995635E-06               0.0E+00      T  T
    416   0   318  7.7434995635E-06               0.0E+00      T  T
    417   0   318  7.7434995635E-06               0.0E+00      T  T
 
   Iter Phase Ninf   Infeasibility   RGmax    NSB   Step InItr MX OK
    418   0   318  7.7434995635E-06               0.0E+00      T  T
    419   0   318  7.7434995635E-06               0.0E+00      T  T
    420   0   318  7.7434995635E-06               0.0E+00      T  T
    421   0   318  7.7434995635E-06               0.0E+00      T  T
    422   0   318  7.7434995635E-06               0.0E+00      T  T
    423   0   318  7.7434995635E-06               0.0E+00      T  T
    424   0   318  7.7434995635E-06               0.0E+00      T  T
    425   0   318  7.7434995635E-06               0.0E+00      T  T
    426   0   318  7.7434995635E-06               0.0E+00      T  T
    427   0   318  7.7434995635E-06               0.0E+00      T  T
 
   Iter Phase Ninf   Infeasibility   RGmax    NSB   Step InItr MX OK
    428   0   318  7.7434995635E-06               0.0E+00      T  T
    429   0   318  7.7434995635E-06               0.0E+00      T  T
    430   0   318  7.7434995635E-06               0.0E+00      T  T
    431   0   318  7.7434995635E-06               0.0E+00      T  T
    432   0   318  7.7434995635E-06               0.0E+00      T  T
    433   0   318  7.7434995635E-06               0.0E+00      T  T
    434   0   318  7.7434995635E-06               0.0E+00      T  T
    435   0   318  7.7434995635E-06               0.0E+00      T  T
    436   0   318  7.7434995635E-06               0.0E+00      T  T
    437   0   318  7.7434995635E-06               0.0E+00      T  T
 
   Iter Phase Ninf   Infeasibility   RGmax    NSB   Step InItr MX OK
    438   0   318  7.7434995635E-06               0.0E+00      T  T
    439   0   318  7.7434995635E-06               0.0E+00      T  T
    440   0   318  7.7434995635E-06               0.0E+00      T  T
    441   0   318  7.7434995635E-06               0.0E+00      T  T
    442   0   318  7.7434995635E-06               0.0E+00      T  T
    443   0   318  7.7434995635E-06               0.0E+00      T  T
    444   0   318  7.7434995635E-06               0.0E+00      T  T
    445   0   318  7.7434995635E-06               0.0E+00      T  T
    446   0   318  7.7434995635E-06               0.0E+00      T  T
    447   0   318  7.7434995635E-06               0.0E+00      T  T
 
   Iter Phase Ninf   Infeasibility   RGmax    NSB   Step InItr MX OK
    448   0   318  7.7434995635E-06               0.0E+00      T  T
    449   0   318  7.7434995635E-06               0.0E+00      T  T
    450   0   318  7.7434995635E-06               0.0E+00      T  T
    451   0   318  7.7434995635E-06               0.0E+00      T  T
    452   0   318  7.7434995635E-06               0.0E+00      T  T
    453   0   318  7.7434995635E-06               0.0E+00      T  T
    454   0   318  7.7434995635E-06               0.0E+00      T  T
    455   0   318  7.7434995635E-06               0.0E+00      T  T
    456   0   318  7.7434995635E-06               0.0E+00      T  T
    457   0   318  7.7434995635E-06               0.0E+00      T  T
 
   Iter Phase Ninf   Infeasibility   RGmax    NSB   Step InItr MX OK
    458   0   318  7.7434995635E-06               0.0E+00      T  T
    459   0   318  7.7434995635E-06               0.0E+00      T  T
    460   0   318  7.7434995635E-06               0.0E+00      T  T
    461   0   318  7.7434995635E-06               0.0E+00      T  T
    462   0   318  7.7434995635E-06               0.0E+00      T  T
    463   0   318  7.7434995635E-06               0.0E+00      T  T
    464   0   318  7.7434995635E-06               0.0E+00      T  T
    465   0   318  7.7434995635E-06               0.0E+00      T  T
    466   0   318  7.7434995635E-06               0.0E+00      T  T
    467   0   318  7.7434995635E-06               0.0E+00      T  T
 
   Iter Phase Ninf   Infeasibility   RGmax    NSB   Step InItr MX OK
    468   0   318  7.7434995635E-06               0.0E+00      T  T
    469   0   318  7.7434995635E-06               0.0E+00      T  T
    470   0   319  7.7434995635E-06               0.0E+00      T  T
    471   0   320  7.7434995635E-06               0.0E+00      T  T
    472   0   321  7.7434995635E-06               0.0E+00      T  T
    473   0   322  7.7434995635E-06               0.0E+00      T  T
    474   0   323  7.7434995635E-06               0.0E+00      T  T
    475   0   324  7.7434995635E-06               0.0E+00      T  T
    476   0   325  7.7434995635E-06               0.0E+00      T  T
    477   0   326  7.7434995635E-06               0.0E+00      T  T
 
   Iter Phase Ninf   Infeasibility   RGmax    NSB   Step InItr MX OK
    478   0   327  7.7434995635E-06               0.0E+00      T  T
    479   0   328  7.7434995635E-06               0.0E+00      T  T
    480   0   329  7.7434995635E-06               0.0E+00      T  T
    481   0   330  7.7434995635E-06               0.0E+00      T  T
    482   0   331  7.7434995635E-06               0.0E+00      T  T
    483   0   332  7.7434995635E-06               0.0E+00      T  T
    484   0   333  7.7434995635E-06               0.0E+00      T  T
    485   0   334  7.7434995635E-06               0.0E+00      T  T
    486   0   335  7.7434995635E-06               0.0E+00      T  T
    487   0   336  7.7434995635E-06               0.0E+00      T  T
 
   Iter Phase Ninf   Infeasibility   RGmax    NSB   Step InItr MX OK
    488   0   337  7.7434995635E-06               0.0E+00      T  T
    489   0   338  7.7434995635E-06               0.0E+00      T  T
    490   0   339  7.7434995635E-06               0.0E+00      T  T
    491   0   340  7.7434995635E-06               0.0E+00      T  T
    492   0   341  7.7434995635E-06               0.0E+00      T  T
    493   0   342  7.7434995635E-06               0.0E+00      T  T
    494   0   343  7.7434995635E-06               0.0E+00      T  T
    495   0   344  7.7434995635E-06               0.0E+00      T  T
    496   0   345  7.7434995635E-06               0.0E+00      T  T
    497   0   346  7.7434995635E-06               0.0E+00      T  T
 
   Iter Phase Ninf   Infeasibility   RGmax    NSB   Step InItr MX OK
    498   0   347  7.7434995635E-06               0.0E+00      T  T
    499   0   348  7.7434995635E-06               0.0E+00      T  T
    500   0   349  7.7434995635E-06               0.0E+00      T  T
    501   0   350  7.7434995635E-06               0.0E+00      T  T
    502   0   351  7.7434995635E-06               0.0E+00      T  T
    503   0   352  7.7434995635E-06               0.0E+00      T  T
    504   0   353  7.7434995635E-06               0.0E+00      T  T
    505   0   354  7.7434995635E-06               0.0E+00      T  T
    506   0   355  7.7434995635E-06               0.0E+00      T  T
    507   0   356  7.7434995635E-06               0.0E+00      T  T
 
   Iter Phase Ninf   Infeasibility   RGmax    NSB   Step InItr MX OK
    508   0   357  7.7434995635E-06               0.0E+00      T  T
    509   0   358  7.7434995635E-06               0.0E+00      T  T
    510   0   358  7.7434995635E-06               0.0E+00      T  T
    511   0   358  7.7434995635E-06               0.0E+00      T  T
    512   0   358  7.7434995635E-06               0.0E+00      T  T
    513   0   358  7.7434995635E-06               0.0E+00      T  T
    514   0   358  7.7434995635E-06               0.0E+00      T  T
    515   0   358  7.7434995635E-06               0.0E+00      T  T
    516   0   358  7.7434995635E-06               0.0E+00      T  T
    517   0   358  7.7434995635E-06               0.0E+00      T  T
 
   Iter Phase Ninf   Infeasibility   RGmax    NSB   Step InItr MX OK
    518   0   358  7.7434995635E-06               0.0E+00      T  T
    519   0   358  7.7434995635E-06               0.0E+00      T  T
    520   0   358  7.7434995635E-06               0.0E+00      T  T
    521   0   358  7.7434995635E-06               0.0E+00      T  T
    522   0   358  7.7434995635E-06               0.0E+00      T  T
    523   0   358  7.7434995635E-06               0.0E+00      T  T
    524   0   358  7.7434995635E-06               0.0E+00      T  T
    525   0   358  7.7434995635E-06               0.0E+00      T  T
    526   0   358  7.7434995635E-06               0.0E+00      T  T
    527   0   358  7.7434995635E-06               0.0E+00      T  T
 
   Iter Phase Ninf   Infeasibility   RGmax    NSB   Step InItr MX OK
    528   0   358  7.7434995635E-06               0.0E+00      T  T
    529   0   358  7.7434995635E-06               0.0E+00      T  T
    530   0   358  7.7434995635E-06               0.0E+00      T  T
    531   0   358  7.7434995635E-06               0.0E+00      T  T
    532   0   358  7.7434995635E-06               0.0E+00      T  T
    533   0   358  7.7434995635E-06               0.0E+00      T  T
    534   0   358  7.7434995635E-06               0.0E+00      T  T
    535   0   358  7.7434995635E-06               0.0E+00      T  T
    536   0   358  7.7434995635E-06               0.0E+00      T  T
    537   0   358  7.7434995635E-06               0.0E+00      T  T
 
   Iter Phase Ninf   Infeasibility   RGmax    NSB   Step InItr MX OK
    538   0   358  7.7434995635E-06               0.0E+00      T  T
    539   0   358  7.7434995635E-06               0.0E+00      T  T
    540   0   358  7.7434995635E-06               0.0E+00      T  T
    541   0   358  7.7434995635E-06               0.0E+00      T  T
    542   0   358  7.7434995635E-06               0.0E+00      T  T
    543   0   358  7.7434995635E-06               0.0E+00      T  T
    544   0   358  7.7434995635E-06               0.0E+00      T  T
    545   0   358  7.7434995635E-06               0.0E+00      T  T
    546   0   358  7.7434995635E-06               0.0E+00      T  T
    547   0   358  7.7434995635E-06               0.0E+00      T  T
 
   Iter Phase Ninf   Infeasibility   RGmax    NSB   Step InItr MX OK
    548   0   358  7.7434995635E-06               0.0E+00      T  T
    549   0   358  7.7434995635E-06               0.0E+00      T  T
    550   0   358  7.7434995635E-06               0.0E+00      T  T
    551   0   358  7.7434995635E-06               0.0E+00      T  T
    552   0   358  7.7434995635E-06               0.0E+00      T  T
    553   0   358  7.7434995635E-06               0.0E+00      T  T
    554   0   358  7.7434995635E-06               0.0E+00      T  T
    555   0   358  7.7434995635E-06               0.0E+00      T  T
    556   0   358  7.7434995635E-06               0.0E+00      T  T
    557   0   358  7.7434995635E-06               0.0E+00      T  T
 
   Iter Phase Ninf   Infeasibility   RGmax    NSB   Step InItr MX OK
    558   0   358  7.7434995635E-06               0.0E+00      T  T
    559   0   358  7.7434995635E-06               0.0E+00      T  T
    560   0   358  7.7434995635E-06               0.0E+00      T  T
    561   0   358  7.7434995635E-06               0.0E+00      T  T
    562   0   359  7.7434995635E-06               0.0E+00      T  T
    563   0   359  7.7434995635E-06               0.0E+00      T  T
    564   0   359  7.7434995635E-06               0.0E+00      T  T
    565   0   359  7.7434995635E-06               0.0E+00      T  T
    566   0   360  7.7434995635E-06               0.0E+00      T  T
    567   0   361  7.7434995635E-06               0.0E+00      T  T
 
   Iter Phase Ninf   Infeasibility   RGmax    NSB   Step InItr MX OK
    568   0   362  7.7434995635E-06               0.0E+00      T  T
    569   0   363  7.7434995635E-06               0.0E+00      T  T
    570   0   364  7.7434995635E-06               0.0E+00      T  T
    571   0   365  7.7434995635E-06               0.0E+00      T  T
    572   0   366  7.7434995635E-06               0.0E+00      T  T
    573   0   367  7.7434995635E-06               0.0E+00      T  T
    574   0   368  7.7434995635E-06               0.0E+00      T  T
    575   0   369  7.7434995635E-06               0.0E+00      T  T
    576   0   370  7.7434995635E-06               0.0E+00      T  T
    577   0   371  7.7434995635E-06               0.0E+00      T  T
 
   Iter Phase Ninf   Infeasibility   RGmax    NSB   Step InItr MX OK
    578   0   372  7.7434995635E-06               0.0E+00      T  T
    579   0   373  7.7434995635E-06               0.0E+00      T  T
    580   0   374  7.7434995635E-06               0.0E+00      T  T
    581   0   375  7.7434995635E-06               0.0E+00      T  T
    582   0   376  7.7434995635E-06               0.0E+00      T  T
    583   0   377  7.7434995635E-06               0.0E+00      T  T
    584   0   378  7.7434995635E-06               0.0E+00      T  T
    585   0   379  7.7434995635E-06               0.0E+00      T  T
    586   0   380  7.7434995635E-06               0.0E+00      T  T
    587   0   381  7.7434995635E-06               0.0E+00      T  T
 
   Iter Phase Ninf   Infeasibility   RGmax    NSB   Step InItr MX OK
    588   0   382  7.7434995635E-06               0.0E+00      T  T
    589   0   383  7.7434995635E-06               0.0E+00      T  T
    590   0   384  7.7434995635E-06               0.0E+00      T  T
    591   0   385  7.7434995635E-06               0.0E+00      T  T
    592   0   386  7.7434995635E-06               0.0E+00      T  T
    593   0   387  7.7434995635E-06               0.0E+00      T  T
    594   0   388  7.7434995635E-06               0.0E+00      T  T
    595   0   389  7.7434995635E-06               0.0E+00      T  T
    596   0   390  7.7434995635E-06               0.0E+00      T  T
    597   0   391  7.7434995635E-06               0.0E+00      T  T
 
   Iter Phase Ninf   Infeasibility   RGmax    NSB   Step InItr MX OK
    598   0   392  7.7434995635E-06               0.0E+00      T  T
    599   0   393  7.7434995635E-06               0.0E+00      T  T
    600   0   393  7.7434995635E-06               0.0E+00      T  T
    601   0   393  7.7434995635E-06               0.0E+00      T  T
    602   0   393  7.7434995635E-06               0.0E+00      T  T
    603   0   393  7.7434995635E-06               0.0E+00      T  T
    604   0   393  7.7434995635E-06               0.0E+00      T  T
    605   0   393  7.7434995635E-06               0.0E+00      T  T
    606   0   393  7.7434995635E-06               0.0E+00      T  T
    607   0   393  7.7434995635E-06               0.0E+00      T  T
 
   Iter Phase Ninf   Infeasibility   RGmax    NSB   Step InItr MX OK
    608   0   393  7.7434995635E-06               0.0E+00      T  T
    609   0   393  7.7434995635E-06               0.0E+00      T  T
    610   0   393  7.7434995635E-06               0.0E+00      T  T
    611   0   393  7.7434995635E-06               0.0E+00      T  T
    612   0   393  7.7434995635E-06               0.0E+00      T  T
    613   0   393  7.7434995635E-06               0.0E+00      T  T
    614   0   393  7.7434995635E-06               0.0E+00      T  T
    615   0   393  7.7434995635E-06               0.0E+00      T  T
    616   0   393  7.7434995635E-06               0.0E+00      T  T
    617   0   393  7.7434995635E-06               0.0E+00      T  T
 
   Iter Phase Ninf   Infeasibility   RGmax    NSB   Step InItr MX OK
    618   0   393  7.7434995635E-06               0.0E+00      T  T
    619   0   393  7.7434995635E-06               0.0E+00      T  T
    620   0   393  7.7434995635E-06               0.0E+00      T  T
    621   0   393  7.7434995635E-06               0.0E+00      T  T
    622   0   393  7.7434995635E-06               0.0E+00      T  T
    623   0   393  7.7434995635E-06               0.0E+00      T  T
    624   0   393  7.7434995635E-06               0.0E+00      T  T
    625   0   393  7.7434995635E-06               0.0E+00      T  T
    626   0   393  7.7434995635E-06               0.0E+00      T  T
    627   0   393  7.7434995635E-06               0.0E+00      T  T
 
   Iter Phase Ninf   Infeasibility   RGmax    NSB   Step InItr MX OK
    628   0   393  7.7434995635E-06               0.0E+00      T  T
    629   0   393  7.7434995635E-06               0.0E+00      T  T
    630   0   393  7.7434995635E-06               0.0E+00      T  T
    631   0   393  7.7434995635E-06               0.0E+00      T  T
    632   0   393  7.7434995635E-06               0.0E+00      T  T
    633   0   393  7.7434995635E-06               0.0E+00      T  T
    634   0   393  7.7434995635E-06               0.0E+00      T  T
    635   0   393  7.7434995635E-06               0.0E+00      T  T
    636   0   393  7.7434995635E-06               0.0E+00      T  T
    637   0   393  7.7434995635E-06               0.0E+00      T  T
 
   Iter Phase Ninf   Infeasibility   RGmax    NSB   Step InItr MX OK
    638   0   393  7.7434995635E-06               0.0E+00      T  T
    639   0   393  7.7434995635E-06               0.0E+00      T  T
    640   0   393  7.7434995635E-06               0.0E+00      T  T
    641   0   393  7.7434995635E-06               0.0E+00      T  T
    642   0   393  7.7434995635E-06               0.0E+00      T  T
    643   0   393  7.7434995635E-06               0.0E+00      T  T
    644   0   393  7.7434995635E-06               0.0E+00      T  T
    645   0   393  7.7434995635E-06               0.0E+00      T  T
    646   0   393  7.7434995635E-06               0.0E+00      T  T
    647   0   393  7.7434995635E-06               0.0E+00      T  T
 
   Iter Phase Ninf   Infeasibility   RGmax    NSB   Step InItr MX OK
    648   0   393  7.7434995635E-06               0.0E+00      T  T
    649   0   393  7.7434995635E-06               0.0E+00      T  T
    650   0   393  7.7434995635E-06               0.0E+00      T  T
    651   0   393  7.7434995635E-06               0.0E+00      T  T
    652   0   393  7.7434995635E-06               0.0E+00      T  T
    653   0   393  7.7434995635E-06               0.0E+00      T  T
    654   0   393  7.7434995635E-06               0.0E+00      T  T
    655   0   393  7.7434995635E-06               0.0E+00      T  T
    656   0   393  7.7434995635E-06               0.0E+00      T  T
    657   0   394  7.7434995635E-06               0.0E+00      T  T
 
   Iter Phase Ninf   Infeasibility   RGmax    NSB   Step InItr MX OK
    658   0   394  7.7434995635E-06               0.0E+00      T  T
    659   0   395  7.7434995635E-06               0.0E+00      T  T
    660   0   396  7.7434995635E-06               0.0E+00      T  T
    661   0   396  7.7434995635E-06               0.0E+00      T  T
    662   0   397  7.7434995635E-06               0.0E+00      T  T
    663   0   398  7.7434995635E-06               0.0E+00      T  T
    664   0   399  7.7434995635E-06               0.0E+00      T  T
    665   0   400  7.7434995635E-06               0.0E+00      T  T
    666   0   401  7.7434995635E-06               0.0E+00      T  T
    667   0   402  7.7434995635E-06               0.0E+00      T  T
 
   Iter Phase Ninf   Infeasibility   RGmax    NSB   Step InItr MX OK
    668   0   403  7.7434995635E-06               0.0E+00      T  T
    669   0   404  7.7434995635E-06               0.0E+00      T  T
    670   0   405  7.7434995635E-06               0.0E+00      T  T
    671   0   406  7.7434995635E-06               0.0E+00      T  T
    672   0   407  7.7434995635E-06               0.0E+00      T  T
    673   0   408  7.7434995635E-06               0.0E+00      T  T
    674   0   409  7.7434995635E-06               0.0E+00      T  T
    675   0   410  7.7434995635E-06               0.0E+00      T  T
    676   0   411  7.7434995635E-06               0.0E+00      T  T
    677   0   412  7.7434995635E-06               0.0E+00      T  T
 
   Iter Phase Ninf   Infeasibility   RGmax    NSB   Step InItr MX OK
    678   0   413  7.7434995635E-06               0.0E+00      T  T
    679   0   414  7.7434995635E-06               0.0E+00      T  T
    680   0   415  7.7434995635E-06               0.0E+00      T  T
    681   0   416  7.7434995635E-06               0.0E+00      T  T
    682   0   417  7.7434995635E-06               0.0E+00      T  T
    683   0   418  7.7434995635E-06               0.0E+00      T  T
    684   0   419  7.7434995635E-06               0.0E+00      T  T
    685   0   420  7.7434995635E-06               0.0E+00      T  T
    686   0   421  7.7434995635E-06               0.0E+00      T  T
    687   0   422  7.7434995635E-06               0.0E+00      T  T
 
   Iter Phase Ninf   Infeasibility   RGmax    NSB   Step InItr MX OK
    688   0   423  7.7434995635E-06               0.0E+00      T  T
    689   0   424  7.7434995635E-06               0.0E+00      T  T
    690   0   425  7.7434995635E-06               0.0E+00      T  T
    691   0   425  7.7434995635E-06               0.0E+00      T  T
    692   0   425  7.7434995635E-06               0.0E+00      T  T
    693   0   425  7.7434995635E-06               0.0E+00      T  T
    694   0   425  7.7434995635E-06               0.0E+00      T  T
    695   0   425  7.7434995635E-06               0.0E+00      T  T
    696   0   425  7.7434995635E-06               0.0E+00      T  T
    697   0   425  7.7434995635E-06               0.0E+00      T  T
 
   Iter Phase Ninf   Infeasibility   RGmax    NSB   Step InItr MX OK
    698   0   425  7.7434995635E-06               0.0E+00      T  T
    699   0   425  7.7434995635E-06               0.0E+00      T  T
    700   0   425  7.7434995635E-06               0.0E+00      T  T
    701   0   425  7.7434995635E-06               0.0E+00      T  T
    702   0   425  7.7434995635E-06               0.0E+00      T  T
    703   0   425  7.7434995635E-06               0.0E+00      T  T
    704   0   425  7.7434995635E-06               0.0E+00      T  T
    705   0   425  7.7434995635E-06               0.0E+00      T  T
    706   0   425  7.7434995635E-06               0.0E+00      T  T
    707   0   425  7.7434995635E-06               0.0E+00      T  T
 
   Iter Phase Ninf   Infeasibility   RGmax    NSB   Step InItr MX OK
    708   0   425  7.7434995635E-06               0.0E+00      T  T
    709   0   425  7.7434995635E-06               0.0E+00      T  T
    710   0   425  7.7434995635E-06               0.0E+00      T  T
    711   0   425  7.7434995635E-06               0.0E+00      T  T
    712   0   425  7.7434995635E-06               0.0E+00      T  T
    713   0   425  7.7434995635E-06               0.0E+00      T  T
    714   0   425  7.7434995635E-06               0.0E+00      T  T
    715   0   425  7.7434995635E-06               0.0E+00      T  T
    716   0   425  7.7434995635E-06               0.0E+00      T  T
    717   0   425  7.7434995635E-06               0.0E+00      T  T
 
   Iter Phase Ninf   Infeasibility   RGmax    NSB   Step InItr MX OK
    718   0   425  7.7434995635E-06               0.0E+00      T  T
    719   0   425  7.7434995635E-06               0.0E+00      T  T
    720   0   425  7.7434995635E-06               0.0E+00      T  T
    721   0   425  7.7434995635E-06               0.0E+00      T  T
    722   0   425  7.7434995635E-06               0.0E+00      T  T
    723   0   425  7.7434995635E-06               0.0E+00      T  T
    724   0   425  7.7434995635E-06               0.0E+00      T  T
    725   0   425  7.7434995635E-06               0.0E+00      T  T
    726   0   425  7.7434995635E-06               0.0E+00      T  T
    727   0   425  7.7434995635E-06               0.0E+00      T  T
 
   Iter Phase Ninf   Infeasibility   RGmax    NSB   Step InItr MX OK
    728   0   425  7.7434995635E-06               0.0E+00      T  T
    729   0   425  7.7434995635E-06               0.0E+00      T  T
    730   0   425  7.7434995635E-06               0.0E+00      T  T
    731   0   425  7.7434995635E-06               0.0E+00      T  T
    732   0   425  7.7434995635E-06               0.0E+00      T  T
    733   0   425  7.7434995635E-06               0.0E+00      T  T
    734   0   425  7.7434995635E-06               0.0E+00      T  T
    735   0   425  7.7434995635E-06               0.0E+00      T  T
    736   0   425  7.7434995635E-06               0.0E+00      T  T
    737   0   425  7.7434995635E-06               0.0E+00      T  T
 
   Iter Phase Ninf   Infeasibility   RGmax    NSB   Step InItr MX OK
    738   0   425  7.7434995635E-06               0.0E+00      T  T
    739   0   425  7.7434995635E-06               0.0E+00      T  T
    740   0   425  7.7434995635E-06               0.0E+00      T  T
    741   0   425  7.7434995635E-06               0.0E+00      T  T
    742   0   425  7.7434995635E-06               0.0E+00      T  T
    743   0   425  7.7434995635E-06               0.0E+00      T  T
    744   0   425  7.7434995635E-06               0.0E+00      T  T
    745   0   425  7.7434995635E-06               0.0E+00      T  T
    746   0   425  7.7434995635E-06               0.0E+00      T  T
    747   0   425  7.7434995635E-06               0.0E+00      T  T
 
   Iter Phase Ninf   Infeasibility   RGmax    NSB   Step InItr MX OK
    748   0   425  7.7434995635E-06               0.0E+00      T  T
    749   0   425  7.7434995635E-06               0.0E+00      T  T
    750   0   425  7.7434995635E-06               0.0E+00      T  T
    751   0   425  7.7434995635E-06               0.0E+00      T  T
    752   0   425  7.7434995635E-06               0.0E+00      T  T
    753   0   425  7.7434995635E-06               0.0E+00      T  T
    754   0   425  7.7434995635E-06               0.0E+00      T  T
    755   0   425  7.7434995635E-06               0.0E+00      T  T
    756   0   425  7.7434995635E-06               0.0E+00      T  T
    757   0   425  7.7434995635E-06               0.0E+00      T  T
 
   Iter Phase Ninf   Infeasibility   RGmax    NSB   Step InItr MX OK
    758   0   425  7.7434995635E-06               0.0E+00      T  T
    759   0   425  7.7434995635E-06               0.0E+00      T  T
    760   0   425  7.7434995635E-06               0.0E+00      T  T
    761   0   425  7.7434995635E-06               0.0E+00      T  T
    762   0   425  7.7434995635E-06               0.0E+00      T  T
    763   0   425  7.7434995635E-06               0.0E+00      T  T
    764   0   426  7.7434995635E-06               0.0E+00      T  T
    765   0   426  7.7434995635E-06               0.0E+00      T  T
    766   0   427  7.7434995635E-06               0.0E+00      T  T
    767   0   428  7.7434995635E-06               0.0E+00      T  T
 
   Iter Phase Ninf   Infeasibility   RGmax    NSB   Step InItr MX OK
    768   0   429  7.7434995635E-06               0.0E+00      T  T
    769   0   430  7.7434995635E-06               0.0E+00      T  T
    770   0   431  7.7434995635E-06               0.0E+00      T  T
    771   0   432  7.7434995635E-06               0.0E+00      T  T
    772   0   433  7.7434995635E-06               0.0E+00      T  T
    773   0   434  7.7434995635E-06               0.0E+00      T  T
    774   0   435  7.7434995635E-06               0.0E+00      T  T
    775   0   436  7.7434995635E-06               0.0E+00      T  T
    776   0   437  7.7434995635E-06               0.0E+00      T  T
    777   0   438  7.7434995635E-06               0.0E+00      T  T
 
   Iter Phase Ninf   Infeasibility   RGmax    NSB   Step InItr MX OK
    778   0   439  7.7434995635E-06               0.0E+00      T  T
    779   0   440  7.7434995635E-06               0.0E+00      T  T
    780   0   441  7.7434995635E-06               0.0E+00      T  T
    781   0   442  7.7434995635E-06               0.0E+00      T  T
    782   0   443  7.7434995635E-06               0.0E+00      T  T
    783   0   444  7.7434995635E-06               0.0E+00      T  T
    784   0   445  7.7434995635E-06               0.0E+00      T  T
    785   0   446  7.7434995635E-06               0.0E+00      T  T
    786   0   447  7.7434995635E-06               0.0E+00      T  T
    787   0   448  7.7434995635E-06               0.0E+00      T  T
 
   Iter Phase Ninf   Infeasibility   RGmax    NSB   Step InItr MX OK
    788   0   449  7.7434995635E-06               0.0E+00      T  T
    789   0   450  7.7434995635E-06               0.0E+00      T  T
    790   0   451  7.7434995635E-06               0.0E+00      T  T
    791   0   452  7.7434995635E-06               0.0E+00      T  T
    792   0   453  7.7434995635E-06               0.0E+00      T  T
    793   0   454  7.7434995635E-06               0.0E+00      T  T
    794   0   455  7.7434995635E-06               0.0E+00      T  T
    795   0   455  7.7434995635E-06               0.0E+00      T  T
    796   0   455  7.7434995635E-06               0.0E+00      T  T
    797   0   455  7.7434995635E-06               0.0E+00      T  T
 
   Iter Phase Ninf   Infeasibility   RGmax    NSB   Step InItr MX OK
    798   0   455  7.7434995635E-06               0.0E+00      T  T
    799   0   455  7.7434995635E-06               0.0E+00      T  T
    800   0   455  7.7434995635E-06               0.0E+00      T  T
    801   0   455  7.7434995635E-06               0.0E+00      T  T
    802   0   455  7.7434995635E-06               0.0E+00      T  T
    803   0   455  7.7434995635E-06               0.0E+00      T  T
    804   0   455  7.7434995635E-06               0.0E+00      T  T
    805   0   455  7.7434995635E-06               0.0E+00      T  T
    806   0   455  7.7434995635E-06               0.0E+00      T  T
    807   0   455  7.7434995635E-06               0.0E+00      T  T
 
   Iter Phase Ninf   Infeasibility   RGmax    NSB   Step InItr MX OK
    808   0   455  7.7434995635E-06               0.0E+00      T  T
    809   0   455  7.7434995635E-06               0.0E+00      T  T
    810   0   455  7.7434995635E-06               0.0E+00      T  T
    811   0   455  7.7434995635E-06               0.0E+00      T  T
    812   0   455  7.7434995635E-06               0.0E+00      T  T
    813   0   455  7.7434995635E-06               0.0E+00      T  T
    814   0   455  7.7434995635E-06               0.0E+00      T  T
    815   0   455  7.7434995635E-06               0.0E+00      T  T
    816   0   455  7.7434995635E-06               0.0E+00      T  T
    817   0   455  7.7434995635E-06               0.0E+00      T  T
 
   Iter Phase Ninf   Infeasibility   RGmax    NSB   Step InItr MX OK
    818   0   455  7.7434995635E-06               0.0E+00      T  T
    819   0   455  7.7434995635E-06               0.0E+00      T  T
    820   0   455  7.7434995635E-06               0.0E+00      T  T
    821   0   455  7.7434995635E-06               0.0E+00      T  T
    822   0   455  7.7434995635E-06               0.0E+00      T  T
    823   0   455  7.7434995635E-06               0.0E+00      T  T
    824   0   455  7.7434995635E-06               0.0E+00      T  T
    825   0   455  7.7434995635E-06               0.0E+00      T  T
    826   0   455  7.7434995635E-06               0.0E+00      T  T
    827   0   455  7.7434995635E-06               0.0E+00      T  T
 
   Iter Phase Ninf   Infeasibility   RGmax    NSB   Step InItr MX OK
    828   0   455  7.7434995635E-06               0.0E+00      T  T
    829   0   455  7.7434995635E-06               0.0E+00      T  T
    830   0   455  7.7434995635E-06               0.0E+00      T  T
    831   0   455  7.7434995635E-06               0.0E+00      T  T
    832   0   455  7.7434995635E-06               0.0E+00      T  T
    833   0   455  7.7434995635E-06               0.0E+00      T  T
    834   0   455  7.7434995635E-06               0.0E+00      T  T
    835   0   455  7.7434995635E-06               0.0E+00      T  T
    836   0   455  7.7434995635E-06               0.0E+00      T  T
    837   0   455  7.7434995635E-06               0.0E+00      T  T
 
   Iter Phase Ninf   Infeasibility   RGmax    NSB   Step InItr MX OK
    838   0   455  7.7434995635E-06               0.0E+00      T  T
    839   0   455  7.7434995635E-06               0.0E+00      T  T
    840   0   455  7.7434995635E-06               0.0E+00      T  T
    841   0   455  7.7434995635E-06               0.0E+00      T  T
    842   0   455  7.7434995635E-06               0.0E+00      T  T
    843   0   455  7.7434995635E-06               0.0E+00      T  T
    844   0   455  7.7434995635E-06               0.0E+00      T  T
    845   0   455  7.7434995635E-06               0.0E+00      T  T
    846   0   455  7.7434995635E-06               0.0E+00      T  T
    847   0   455  7.7434995635E-06               0.0E+00      T  T
 
   Iter Phase Ninf   Infeasibility   RGmax    NSB   Step InItr MX OK
    848   0   455  7.7434995635E-06               0.0E+00      T  T
    849   0   455  7.7434995635E-06               0.0E+00      T  T
    850   0   455  7.7434995635E-06               0.0E+00      T  T
    851   0   455  7.7434995635E-06               0.0E+00      T  T
    852   0   456  7.7434995635E-06               0.0E+00      T  T
    853   0   456  7.7434995635E-06               0.0E+00      T  T
    854   0   457  7.7434995635E-06               0.0E+00      T  T
    855   0   458  7.7434995635E-06               0.0E+00      T  T
    856   0   459  7.7434995635E-06               0.0E+00      T  T
    857   0   460  7.7434995635E-06               0.0E+00      T  T
 
   Iter Phase Ninf   Infeasibility   RGmax    NSB   Step InItr MX OK
    8