
--- Job ADSA Dairy LP Report.gms Start 04/25/10 20:07:45
GAMS Rev 145  Copyright (C) 1987-2006 GAMS Development. All rights reserved
*** License file too old for this version of GAMS.
*** Maintenance expired 15 days ago.
Licensee: David Adamson                                  G050411:1546AP-WIN
          The University of Queensland,  Risk & Sustainable ManagemenDC5245
          License for teaching and research at degree granting institutions
--- Starting compilation
--- ADSA Dairy LP Report.gms(8) 3 Mb 1 Error
*** Error 140 in C:\Documents and Settings\mneal\My Documents\gamsdir\ADSA Dairy LP Report.gms
    Unknown symbol
--- ADSA Dairy LP Report.gms(9) 3 Mb 2 Errors
*** Error 140 in C:\Documents and Settings\mneal\My Documents\gamsdir\ADSA Dairy LP Report.gms
    Unknown symbol
--- ADSA Dairy LP Report.gms(10) 3 Mb 3 Errors
*** Error 140 in C:\Documents and Settings\mneal\My Documents\gamsdir\ADSA Dairy LP Report.gms
    Unknown symbol
--- ADSA Dairy LP Report.gms(11) 3 Mb 5 Errors
*** Error 140 in C:\Documents and Settings\mneal\My Documents\gamsdir\ADSA Dairy LP Report.gms
    Unknown symbol
*** Error 409 in C:\Documents and Settings\mneal\My Documents\gamsdir\ADSA Dairy LP Report.gms
    Unrecognizable item - skip to find a new statement
      looking for a ';' or a key word to get started again
--- ADSA Dairy LP Report.gms(12) 3 Mb 7 Errors
*** Error 140 in C:\Documents and Settings\mneal\My Documents\gamsdir\ADSA Dairy LP Report.gms
    Unknown symbol
*** Error 409 in C:\Documents and Settings\mneal\My Documents\gamsdir\ADSA Dairy LP Report.gms
    Unrecognizable item - skip to find a new statement
      looking for a ';' or a key word to get started again
--- ADSA Dairy LP Report.gms(13) 3 Mb 9 Errors
*** Error 140 in C:\Documents and Settings\mneal\My Documents\gamsdir\ADSA Dairy LP Report.gms
    Unknown symbol
*** Error 409 in C:\Documents and Settings\mneal\My Documents\gamsdir\ADSA Dairy LP Report.gms
    Unrecognizable item - skip to find a new statement
      looking for a ';' or a key word to get started again
--- ADSA Dairy LP Report.gms(14) 3 Mb 11 Errors
*** Error 140 in C:\Documents and Settings\mneal\My Documents\gamsdir\ADSA Dairy LP Report.gms
    Unknown symbol
*** Error 409 in C:\Documents and Settings\mneal\My Documents\gamsdir\ADSA Dairy LP Report.gms
    Unrecognizable item - skip to find a new statement
      looking for a ';' or a key word to get started again
--- ADSA Dairy LP Report.gms(15) 3 Mb 13 Errors
*** Error 140 in C:\Documents and Settings\mneal\My Documents\gamsdir\ADSA Dairy LP Report.gms
    Unknown symbol
*** Error 409 in C:\Documents and Settings\mneal\My Documents\gamsdir\ADSA Dairy LP Report.gms
    Unrecognizable item - skip to find a new statement
      looking for a ';' or a key word to get started again
--- ADSA Dairy LP Report.gms(16) 3 Mb 15 Errors
*** Error 140 in C:\Documents and Settings\mneal\My Documents\gamsdir\ADSA Dairy LP Report.gms
    Unknown symbol
*** Error 409 in C:\Documents and Settings\mneal\My Documents\gamsdir\ADSA Dairy LP Report.gms
    Unrecognizable item - skip to find a new statement
      looking for a ';' or a key word to get started again
--- ADSA Dairy LP Report.gms(19) 3 Mb 17 Errors
*** Error 140 in C:\Documents and Settings\mneal\My Documents\gamsdir\ADSA Dairy LP Report.gms
    Unknown symbol
*** Error 409 in C:\Documents and Settings\mneal\My Documents\gamsdir\ADSA Dairy LP Report.gms
    Unrecognizable item - skip to find a new statement
      looking for a ';' or a key word to get started again
--- ADSA Dairy LP Report.gms(21) 3 Mb 19 Errors
*** Error 140 in C:\Documents and Settings\mneal\My Documents\gamsdir\ADSA Dairy LP Report.gms
    Unknown symbol
*** Error 409 in C:\Documents and Settings\mneal\My Documents\gamsdir\ADSA Dairy LP Report.gms
    Unrecognizable item - skip to find a new statement
      looking for a ';' or a key word to get started again
--- ADSA Dairy LP Report.gms(22) 3 Mb 21 Errors
*** Error 140 in C:\Documents and Settings\mneal\My Documents\gamsdir\ADSA Dairy LP Report.gms
    Unknown symbol
*** Error 409 in C:\Documents and Settings\mneal\My Documents\gamsdir\ADSA Dairy LP Report.gms
    Unrecognizable item - skip to find a new statement
      looking for a ';' or a key word to get started again
--- ADSA Dairy LP Report.gms(25) 3 Mb 23 Errors
*** Error 120 in C:\Documents and Settings\mneal\My Documents\gamsdir\ADSA Dairy LP Report.gms
    Unknown identifier entered as set
*** Error 120 in C:\Documents and Settings\mneal\My Documents\gamsdir\ADSA Dairy LP Report.gms
    Unknown identifier entered as set
--- ADSA Dairy LP Report.gms(26) 3 Mb 25 Errors
*** Error 120 in C:\Documents and Settings\mneal\My Documents\gamsdir\ADSA Dairy LP Report.gms
    Unknown identifier entered as set
*** Error 340 in C:\Documents and Settings\mneal\My Documents\gamsdir\ADSA Dairy LP Report.gms
    A label/element with the same name exist. You may have forgotten
       to quote a label/element reference. For example,
       set i / a,b,c /; parameter x(i); x('a') = 10;
--- ADSA Dairy LP Report.gms(29) 3 Mb 27 Errors
*** Error 120 in C:\Documents and Settings\mneal\My Documents\gamsdir\ADSA Dairy LP Report.gms
    Unknown identifier entered as set
*** Error 120 in C:\Documents and Settings\mneal\My Documents\gamsdir\ADSA Dairy LP Report.gms
    Unknown identifier entered as set
--- ADSA Dairy LP Report.gms(33) 3 Mb 28 Errors
*** Error 120 in C:\Documents and Settings\mneal\My Documents\gamsdir\ADSA Dairy LP Report.gms
    Unknown identifier entered as set
--- ADSA Dairy LP Report.gms(40) 3 Mb 29 Errors
*** Error 140 in C:\Documents and Settings\mneal\My Documents\gamsdir\ADSA Dairy LP Report.gms
    Unknown symbol
--- ADSA Dairy LP Report.gms(44) 3 Mb 30 Errors
*** Error 140 in C:\Documents and Settings\mneal\My Documents\gamsdir\ADSA Dairy LP Report.gms
    Unknown symbol
--- ADSA Dairy LP Report.gms(48) 3 Mb 31 Errors
*** Error 140 in C:\Documents and Settings\mneal\My Documents\gamsdir\ADSA Dairy LP Report.gms
    Unknown symbol
--- ADSA Dairy LP Report.gms(52) 3 Mb 32 Errors
*** Error 140 in C:\Documents and Settings\mneal\My Documents\gamsdir\ADSA Dairy LP Report.gms
    Unknown symbol
--- ADSA Dairy LP Report.gms(56) 3 Mb 33 Errors
*** Error 140 in C:\Documents and Settings\mneal\My Documents\gamsdir\ADSA Dairy LP Report.gms
    Unknown symbol
--- ADSA Dairy LP Report.gms(60) 3 Mb 34 Errors
*** Error 140 in C:\Documents and Settings\mneal\My Documents\gamsdir\ADSA Dairy LP Report.gms
    Unknown symbol
--- ADSA Dairy LP Report.gms(64) 3 Mb 35 Errors
*** Error 140 in C:\Documents and Settings\mneal\My Documents\gamsdir\ADSA Dairy LP Report.gms
    Unknown symbol
--- ADSA Dairy LP Report.gms(68) 3 Mb 36 Errors
*** Error 140 in C:\Documents and Settings\mneal\My Documents\gamsdir\ADSA Dairy LP Report.gms
    Unknown symbol
--- ADSA Dairy LP Report.gms(72) 3 Mb 37 Errors
*** Error 140 in C:\Documents and Settings\mneal\My Documents\gamsdir\ADSA Dairy LP Report.gms
    Unknown symbol
--- ADSA Dairy LP Report.gms(76) 3 Mb 38 Errors
*** Error 140 in C:\Documents and Settings\mneal\My Documents\gamsdir\ADSA Dairy LP Report.gms
    Unknown symbol
--- ADSA Dairy LP Report.gms(80) 3 Mb 39 Errors
*** Error 140 in C:\Documents and Settings\mneal\My Documents\gamsdir\ADSA Dairy LP Report.gms
    Unknown symbol
--- ADSA Dairy LP Report.gms(84) 3 Mb 40 Errors
*** Error 140 in C:\Documents and Settings\mneal\My Documents\gamsdir\ADSA Dairy LP Report.gms
    Unknown symbol
--- ADSA Dairy LP Report.gms(88) 3 Mb 41 Errors
*** Error 140 in C:\Documents and Settings\mneal\My Documents\gamsdir\ADSA Dairy LP Report.gms
    Unknown symbol
--- ADSA Dairy LP Report.gms(105) 3 Mb 43 Errors
*** Error 140 in C:\Documents and Settings\mneal\My Documents\gamsdir\ADSA Dairy LP Report.gms
    Unknown symbol
*** Error 409 in C:\Documents and Settings\mneal\My Documents\gamsdir\ADSA Dairy LP Report.gms
    Unrecognizable item - skip to find a new statement
      looking for a ';' or a key word to get started again
--- ADSA Dairy LP Report.gms(112) 3 Mb 44 Errors
*** Error 140 in C:\Documents and Settings\mneal\My Documents\gamsdir\ADSA Dairy LP Report.gms
    Unknown symbol
--- ADSA Dairy LP Report.gms(116) 3 Mb 46 Errors
*** Error 120 in C:\Documents and Settings\mneal\My Documents\gamsdir\ADSA Dairy LP Report.gms
    Unknown identifier entered as set
*** Error 340 in C:\Documents and Settings\mneal\My Documents\gamsdir\ADSA Dairy LP Report.gms
    A label/element with the same name exist. You may have forgotten
       to quote a label/element reference. For example,
       set i / a,b,c /; parameter x(i); x('a') = 10;
--- ADSA Dairy LP Report.gms(228) 3 Mb 46 Errors
*** Status: Compilation error(s)
--- Job ADSA Dairy LP Report.gms Stop 04/25/10 20:07:45 elapsed 0:00:00.453
Exit code = 2
